<?xml version="1.0" encoding="UTF-8"?>
<testsuite xmlns:xsi="http://www.w3.org/2001/XMLSchema-instance" xsi:noNamespaceSchemaLocation="https://maven.apache.org/surefire/maven-surefire-plugin/xsd/surefire-test-report-3.0.xsd" version="3.0" name="com.taskmanager.controller.TaskControllerIntegrationTest" time="8.162" tests="10" errors="0" skipped="0" failures="0">
  <properties>
[...]
</properties>
  <testcase name="deleteTask_returns404_whenNotFound" classname="com.taskmanager.controller.TaskControllerIntegrationTest" time="0.527">
    <system-out><![CDATA[09:53:37.958 [main] INFO org.springframework.test.context.support.AnnotationConfigContextLoaderUtils -- Could not detect default configuration classes for test class [com.taskmanager.controller.TaskControllerIntegrationTest]: TaskControllerIntegrationTest does not declare any static, non-private, non-final, nested classes annotated with @Configuration.
09:53:38.133 [main] INFO org.springframework.boot.test.context.SpringBootTestContextBootstrapper -- Found @SpringBootConfiguration com.taskmanager.TaskManagerApplication for test class com.taskmanager.controller.TaskControllerIntegrationTest

  .   ____          _            __ _ _
 /\\ / ___'_ __ _ _(_)_ __  __ _ \ \ \ \
( ( )\___ | '_ | '_| | '_ \/ _` | \ \ \ \
 \\/  ___)| |_)| | | | | || (_| |  ) ) ) )
  '  |____| .__|_| |_|_| |_\__, | / / / /
 =========|_|==============|___/=/_/_/_/

 :: Spring Boot ::                (v3.3.6)

2026-05-21T09:53:38.751-04:00  INFO 11471 --- [           main] c.t.c.TaskControllerIntegrationTest      : Starting TaskControllerIntegrationTest using Java 17.0.19 with PID 11471 (started by admin in /Users/admin/task-manager)
2026-05-21T09:53:38.754-04:00  INFO 11471 --- [           main] c.t.c.TaskControllerIntegrationTest      : No active profile set, falling back to 1 default profile: "default"
2026-05-21T09:53:39.725-04:00  INFO 11471 --- [           main] .s.d.r.c.RepositoryConfigurationDelegate : Bootstrapping Spring Data JPA repositories in DEFAULT mode.
2026-05-21T09:53:39.805-04:00  INFO 11471 --- [           main] .s.d.r.c.RepositoryConfigurationDelegate : Finished Spring Data repository scanning in 67 ms. Found 1 JPA repository interface.
2026-05-21T09:53:41.723-04:00  INFO 11471 --- [           main] o.hibernate.jpa.internal.util.LogHelper  : HHH000204: Processing PersistenceUnitInfo [name: default]
2026-05-21T09:53:41.814-04:00  INFO 11471 --- [           main] org.hibernate.Version                    : HHH000412: Hibernate ORM core version 6.5.3.Final
2026-05-21T09:53:41.868-04:00  INFO 11471 --- [           main] o.h.c.internal.RegionFactoryInitiator    : HHH000026: Second-level cache disabled
2026-05-21T09:53:42.046-04:00  INFO 11471 --- [           main] o.s.o.j.p.SpringPersistenceUnitInfo      : No LoadTimeWeaver setup: ignoring JPA class transformer
2026-05-21T09:53:42.090-04:00  INFO 11471 --- [           main] com.zaxxer.hikari.HikariDataSource       : HikariPool-1 - Starting...
2026-05-21T09:53:42.413-04:00  INFO 11471 --- [           main] com.zaxxer.hikari.pool.HikariPool        : HikariPool-1 - Added connection conn0: url=jdbc:h2:mem:taskdb user=SA
2026-05-21T09:53:42.416-04:00  INFO 11471 --- [           main] com.zaxxer.hikari.HikariDataSource       : HikariPool-1 - Start completed.
2026-05-21T09:53:42.461-04:00  WARN 11471 --- [           main] org.hibernate.orm.deprecation            : HHH90000025: H2Dialect does not need to be specified explicitly using 'hibernate.dialect' (remove the property setting and it will be selected by default)
2026-05-21T09:53:43.478-04:00  INFO 11471 --- [           main] o.h.e.t.j.p.i.JtaPlatformInitiator       : HHH000489: No JTA platform available (set 'hibernate.transaction.jta.platform' to enable JTA platform integration)
2026-05-21T09:53:43.527-04:00  INFO 11471 --- [           main] j.LocalContainerEntityManagerFactoryBean : Initialized JPA EntityManagerFactory for persistence unit 'default'
2026-05-21T09:53:43.867-04:00  WARN 11471 --- [           main] JpaBaseConfiguration$JpaWebConfiguration : spring.jpa.open-in-view is enabled by default. Therefore, database queries may be performed during view rendering. Explicitly configure spring.jpa.open-in-view to disable this warning
2026-05-21T09:53:43.897-04:00  WARN 11471 --- [           main] .s.s.UserDetailsServiceAutoConfiguration : 

Using generated security password: b42fbc8b-8f48-47f9-a9fe-a19035cf0625

This generated password is for development use only. Your security configuration must be updated before running your application in production.

2026-05-21T09:53:43.916-04:00  INFO 11471 --- [           main] r$InitializeUserDetailsManagerConfigurer : Global AuthenticationManager configured with UserDetailsService bean with name inMemoryUserDetailsManager
2026-05-21T09:53:44.019-04:00  INFO 11471 --- [           main] o.s.b.a.w.s.WelcomePageHandlerMapping    : Adding welcome page: class path resource [static/index.html]
2026-05-21T09:53:44.985-04:00  INFO 11471 --- [           main] o.s.b.a.h2.H2ConsoleAutoConfiguration    : H2 console available at '/h2-console'. Database available at 'jdbc:h2:mem:taskdb'
2026-05-21T09:53:45.065-04:00  INFO 11471 --- [           main] o.s.b.t.m.w.SpringBootMockServletContext : Initializing Spring TestDispatcherServlet ''
2026-05-21T09:53:45.065-04:00  INFO 11471 --- [           main] o.s.t.web.servlet.TestDispatcherServlet  : Initializing Servlet ''
2026-05-21T09:53:45.067-04:00  INFO 11471 --- [           main] o.s.t.web.servlet.TestDispatcherServlet  : Completed initialization in 1 ms
2026-05-21T09:53:45.096-04:00  INFO 11471 --- [           main] c.t.c.TaskControllerIntegrationTest      : Started TaskControllerIntegrationTest in 6.744 seconds (process running for 8.173)
2026-05-21T09:53:45.274-04:00  WARN 11471 --- [           main] c.t.exception.GlobalExceptionHandler     : RuntimeException: Task not found with id: 99
]]></system-out>
  </testcase>
  <testcase name="createTask_returns400_whenTitleMissing" classname="com.taskmanager.controller.TaskControllerIntegrationTest" time="0.103">
    <system-out><![CDATA[2026-05-21T09:53:45.753-04:00  WARN 11471 --- [           main] c.t.exception.GlobalExceptionHandler     : Validation failed: Title is required
]]></system-out>
  </testcase>
  <testcase name="getTaskById_returns200" classname="com.taskmanager.controller.TaskControllerIntegrationTest" time="0.041"/>
  <testcase name="getTaskById_returns404_whenNotFound" classname="com.taskmanager.controller.TaskControllerIntegrationTest" time="0.007">
    <system-out><![CDATA[2026-05-21T09:53:45.804-04:00  WARN 11471 --- [           main] c.t.exception.GlobalExceptionHandler     : RuntimeException: Task not found with id: 99
]]></system-out>
  </testcase>
  <testcase name="suggestTask_returns200" classname="com.taskmanager.controller.TaskControllerIntegrationTest" time="0.033"/>
  <testcase name="deleteTask_returns204" classname="com.taskmanager.controller.TaskControllerIntegrationTest" time="0.006"/>
  <testcase name="createTask_returns201" classname="com.taskmanager.controller.TaskControllerIntegrationTest" time="0.009"/>
  <testcase name="suggestTask_returns400_whenDescriptionMissing" classname="com.taskmanager.controller.TaskControllerIntegrationTest" time="0.006">
    <system-out><![CDATA[2026-05-21T09:53:45.866-04:00  WARN 11471 --- [           main] c.t.exception.GlobalExceptionHandler     : Bad request: Request body must include a non-empty 'description' field
]]></system-out>
  </testcase>
  <testcase name="updateTask_returns200" classname="com.taskmanager.controller.TaskControllerIntegrationTest" time="0.007"/>
  <testcase name="getAllTasks_returns200" classname="com.taskmanager.controller.TaskControllerIntegrationTest" time="0.01"/>
</testsuite>